<?xml version="1.0" encoding="UTF-8"?>
<!-- Generated by org.testng.reporters.JUnitReportReporter -->
<testsuite hostname="DESKTOP-EV2BHV8" failures="0" tests="5" name="com.bank.qa.test.Individual_Cust_Deposite_Test" time="126.398" errors="0" timestamp="2022-12-15T18:42:58 IST" skipped="0">
  <testcase classname="com.bank.qa.test.Individual_Cust_Deposite_Test" name="verify_individualTitle_Test" time="19.061"/>
  <system-out/>
  <testcase classname="com.bank.qa.test.Individual_Cust_Deposite_Test" name="username_Test" time="35.043"/>
  <system-out/>
  <testcase classname="com.bank.qa.test.Individual_Cust_Deposite_Test" name="deposit_money_to_accTest" time="25.687"/>
  <system-out/>
  <testcase classname="com.bank.qa.test.Individual_Cust_Deposite_Test" name="withdraw_money_to_accTest" time="26.694"/>
  <system-out/>
  <testcase classname="com.bank.qa.test.Individual_Cust_Deposite_Test" name="transaction_Test" time="19.913"/>
  <system-out/>
</testsuite> <!-- com.bank.qa.test.Individual_Cust_Deposite_Test -->
