<?xml version="1.0" encoding="UTF-8"?>
<!-- Generated by org.testng.reporters.JUnitReportReporter -->
<testsuite hostname="DESKTOP-EV2BHV8" failures="0" tests="1" name="com.bank.qa.test.Cust_HomePage_Test" time="53.908" errors="0" timestamp="2022-12-14T22:32:25 IST" skipped="0">
  <testcase classname="com.bank.qa.test.Cust_HomePage_Test" name="select_individual_Cust_Test" time="53.908"/>
  <system-out/>
</testsuite> <!-- com.bank.qa.test.Cust_HomePage_Test -->
